\BOOKMARK [1][-]{section.I}{Kurzfassung}{}
\BOOKMARK [1][-]{section*.1}{Inhaltsverzeichnis}{}
\BOOKMARK [1][-]{section.III}{Abbildungsverzeichnis}{}
\BOOKMARK [1][-]{section.IV}{Tabellenverzeichnis}{}
\BOOKMARK [1][-]{section.V}{Listing-Verzeichnis}{}
\BOOKMARK [1][-]{section.VI}{Abk\374rzungsverzeichnis}{}
\BOOKMARK [1][-]{section.1}{Einleitung}{}
\BOOKMARK [1][-]{section.2}{Begriffserkl\344rung}{}
\BOOKMARK [1][-]{section.3}{Methodik}{}
\BOOKMARK [2][-]{subsection.3.1}{Suchprotokoll}{section.3}
\BOOKMARK [1][-]{section.4}{Faktor Datenqualit\344t}{}
\BOOKMARK [1][-]{section.5}{Technische Faktoren}{}
\BOOKMARK [1][-]{section.6}{Faktor Organisation}{}
\BOOKMARK [2][-]{subsection.6.1}{Bilder}{section.6}
\BOOKMARK [2][-]{subsection.6.2}{Tabellen}{section.6}
\BOOKMARK [2][-]{subsection.6.3}{Auflistung}{section.6}
\BOOKMARK [2][-]{subsection.6.4}{Listings}{section.6}
\BOOKMARK [2][-]{subsection.6.5}{Tipps}{section.6}
\BOOKMARK [1][-]{section.7}{Kapitel}{}
\BOOKMARK [2][-]{subsection.7.1}{Unterkapitel}{section.7}
\BOOKMARK [2][-]{subsection.7.2}{Unterkapitel}{section.7}
\BOOKMARK [1][-]{section.8}{Kapitel}{}
\BOOKMARK [2][-]{subsection.8.1}{Unterkapitel}{section.8}
\BOOKMARK [2][-]{subsection.8.2}{Unterkapitel}{section.8}
\BOOKMARK [1][-]{section.9}{Kapitel}{}
\BOOKMARK [2][-]{subsection.9.1}{Unterkapitel}{section.9}
\BOOKMARK [2][-]{subsection.9.2}{Unterkapitel}{section.9}
\BOOKMARK [1][-]{section.10}{Quellenverzeichnis}{}
\BOOKMARK [1][-]{section*.5}{Anhang}{}
\BOOKMARK [1][-]{section.A}{GUI}{}
